<?xml version="1.0" encoding="UTF-8"?>
<testsuites name="LoginChrome" time="36.602" tests="1" failures="0" errors="0">
   <testsuite name="LoginChrome" tests="1" failures="0" errors="0" time="36.602" timestamp="2019-12-17 15:52:01" hostname="KayyalV - HYD003686.pii.pxl.int" id="Test Suites/Login/LoginChrome">
      <properties>
         <property name="deviceName" value=""/>
         <property name="devicePlatform" value=""/>
         <property name="logFolder" value="C:\\Users\\KayyalV\\git\\KatalonStudioPOC\\KatalonStudioPOC\\Reports\\20191217_155152\\Login\\LoginChrome\\20191217_155152"/>
         <property name="logFiles" value="C:\\Users\\KayyalV\\git\\KatalonStudioPOC\\KatalonStudioPOC\\Reports\\20191217_155152\\Login\\LoginChrome\\20191217_155152\\execution0.log"/>
         <property name="attachments" value=""/>
         <property name="hostName" value="KayyalV - HYD003686.pii.pxl.int"/>
         <property name="os" value="Windows 10 64bit"/>
         <property name="katalonVersion" value="null.null"/>
         <property name="browser" value="Chrome 78.0.3904.108"/>
         <property name="hostAddress" value="172.28.105.30"/>
         <property name="sessionId" value="5504c8dd23ac6783f554364c98e682a2"/>
         <property name="seleniumVersion" value="3.141.59"/>
         <property name="proxyInformation" value="ProxyInformation{proxyOption=NO_PROXY, proxyServerType=HTTP, password=, proxyServerAddress=, proxyServerPort=0, executionList=}"/>
         <property name="platform" value="Windows 10"/>
      </properties>
      <testcase name="Test Cases/MAPs/LogIn" time="35.55" classname="Test Cases/MAPs/LogIn" status="PASSED">
         <system-out><![CDATA[2019-12-17 15:52:02 - [TEST_CASE][PASSED] - Test Cases/MAPs/LogIn: Test Cases/MAPs/LogIn

2019-12-17 15:52:02 - [TEST_STEP][PASSED] - openBrowser("https://pxl-awe-dvt-mapweb-ui-teamo-ft.azurewebsites.net/"): Browser is opened with url: 'https://pxl-awe-dvt-mapweb-ui-teamo-ft.azurewebsites.net/'

2019-12-17 15:52:03 - [MESSAGE][INFO] - Starting 'Chrome' driver

2019-12-17 15:52:03 - [MESSAGE][INFO] - Action delay is set to 0 seconds

2019-12-17 15:52:11 - [MESSAGE][PASSED] - Browser is opened with url: 'https://pxl-awe-dvt-mapweb-ui-teamo-ft.azurewebsites.net/'

2019-12-17 15:52:11 - [TEST_STEP][PASSED] - navigateToUrl("https://pxl-awe-dvt-mapweb-ui-teamo-ft.azurewebsites.net/"): Navigate to 'https://pxl-awe-dvt-mapweb-ui-teamo-ft.azurewebsites.net/' successfully

2019-12-17 15:52:13 - [MESSAGE][PASSED] - Navigate to 'https://pxl-awe-dvt-mapweb-ui-teamo-ft.azurewebsites.net/' successfully

2019-12-17 15:52:13 - [TEST_STEP][NOT_RUN] - click(findTestObject("Object Repository/MAPsLogin/Page_GTS-PAA/span_")): NOT_RUN: click(findTestObject("Object Repository/MAPsLogin/Page_GTS-PAA/span_"))

2019-12-17 15:52:13 - [MESSAGE][NOT_RUN] - NOT_RUN: click(findTestObject("Object Repository/MAPsLogin/Page_GTS-PAA/span_"))

2019-12-17 15:52:13 - [TEST_STEP][PASSED] - click(findTestObject("Object Repository/MAPsLogin/Page_GTS-PAA/button_Corporate Log In")): Object: 'Object Repository/MAPsLogin/Page_GTS-PAA/button_Corporate Log In' is clicked on

2019-12-17 15:52:17 - [MESSAGE][PASSED] - Object: 'Object Repository/MAPsLogin/Page_GTS-PAA/button_Corporate Log In' is clicked on

2019-12-17 15:52:17 - [TEST_STEP][PASSED] - setText(findTestObject("Object Repository/MAPsLogin/Page_Sign in to your account/input_Sign in_loginfmt"), "venkateshwara.kayyala@parexelcloud.com"): Text 'venkateshwara.kayyala@parexelcloud.com' is set on object 'Object Repository/MAPsLogin/Page_Sign in to your account/input_Sign in_loginfmt'

2019-12-17 15:52:20 - [MESSAGE][PASSED] - Text 'venkateshwara.kayyala@parexelcloud.com' is set on object 'Object Repository/MAPsLogin/Page_Sign in to your account/input_Sign in_loginfmt'

2019-12-17 15:52:20 - [TEST_STEP][PASSED] - click(findTestObject("Object Repository/MAPsLogin/Page_Sign in to your account/input_Sign in_idSIButton9")): Object: 'Object Repository/MAPsLogin/Page_Sign in to your account/input_Sign in_idSIButton9' is clicked on

2019-12-17 15:52:21 - [MESSAGE][PASSED] - Object: 'Object Repository/MAPsLogin/Page_Sign in to your account/input_Sign in_idSIButton9' is clicked on

2019-12-17 15:52:21 - [TEST_STEP][PASSED] - setEncryptedText(findTestObject("Object Repository/MAPsLogin/Page_Sign in to your account/input_Enter password_passwd"), "ZPnMgbgKMNP0xCFbybRQBQ=="): Text ****** has been set on object 'Object Repository/MAPsLogin/Page_Sign in to your account/input_Enter password_passwd'

2019-12-17 15:52:24 - [MESSAGE][PASSED] - Text ****** has been set on object 'Object Repository/MAPsLogin/Page_Sign in to your account/input_Enter password_passwd'

2019-12-17 15:52:24 - [TEST_STEP][PASSED] - click(findTestObject("Object Repository/MAPsLogin/Page_Sign in to your account/input_Sign in_idSIButton9")): Object: 'Object Repository/MAPsLogin/Page_Sign in to your account/input_Sign in_idSIButton9' is clicked on

2019-12-17 15:52:27 - [MESSAGE][PASSED] - Object: 'Object Repository/MAPsLogin/Page_Sign in to your account/input_Sign in_idSIButton9' is clicked on

2019-12-17 15:52:27 - [TEST_STEP][PASSED] - click(findTestObject("Object Repository/MAPsLogin/Page_Sign in to your account/input_Do this to reduce the number of times_edee07")): Object: 'Object Repository/MAPsLogin/Page_Sign in to your account/input_Do this to reduce the number of times_edee07' is clicked on

2019-12-17 15:52:28 - [MESSAGE][PASSED] - Object: 'Object Repository/MAPsLogin/Page_Sign in to your account/input_Do this to reduce the number of times_edee07' is clicked on

2019-12-17 15:52:28 - [TEST_STEP][PASSED] - click(findTestObject("Object Repository/MAPsLogin/Page_Sign in to your account/input_Sign in_idSIButton9")): Object: 'Object Repository/MAPsLogin/Page_Sign in to your account/input_Sign in_idSIButton9' is clicked on

2019-12-17 15:52:30 - [MESSAGE][PASSED] - Object: 'Object Repository/MAPsLogin/Page_Sign in to your account/input_Sign in_idSIButton9' is clicked on

2019-12-17 15:52:30 - [TEST_STEP][PASSED] - click(findTestObject("Object Repository/MAPsLogin/Page_GTS - PAA - Dashboard/button_Got it")): Object: 'Object Repository/MAPsLogin/Page_GTS - PAA - Dashboard/button_Got it' is clicked on

2019-12-17 15:52:35 - [MESSAGE][PASSED] - Object: 'Object Repository/MAPsLogin/Page_GTS - PAA - Dashboard/button_Got it' is clicked on

2019-12-17 15:52:35 - [TEST_STEP][PASSED] - verifyElementPresent(findTestObject("MAPsLogin/Page_GTS - PAA - Dashboard/span_Dashboard"), 0): Object 'Object Repository/MAPsLogin/Page_GTS - PAA - Dashboard/span_Dashboard' is present

2019-12-17 15:52:35 - [MESSAGE][WARNING] - Timeout '0' is invalid. Using default page load timeout: '30'

2019-12-17 15:52:35 - [MESSAGE][PASSED] - Object 'Object Repository/MAPsLogin/Page_GTS - PAA - Dashboard/span_Dashboard' is present

2019-12-17 15:52:35 - [TEST_STEP][PASSED] - closeBrowser(): Browser is closed

2019-12-17 15:52:37 - [MESSAGE][PASSED] - Browser is closed]]></system-out>
         <system-err><![CDATA[]]></system-err>
      </testcase>
      <system-out><![CDATA[2019-12-17 15:52:01 - [TEST_SUITE][PASSED] - LoginChrome: Test Cases/MAPs/LogIn]]></system-out>
      <system-err><![CDATA[]]></system-err>
   </testsuite>
</testsuites>
