<?xml version="1.0" encoding="UTF-8"?>
<testsuites name="LoginChrome" time="36.542" tests="1" failures="0" errors="0">
   <testsuite name="LoginChrome" tests="1" failures="0" errors="0" time="36.542" timestamp="2019-12-12 15:43:13" hostname="KayyalV - HYD003686.pii.pxl.int" id="Test Suites/Login/LoginChrome">
      <properties>
         <property name="deviceName" value=""/>
         <property name="devicePlatform" value=""/>
         <property name="logFolder" value="C:\\Users\\KayyalV\\git\\KatalonStudioPOC\\KatalonStudioPOC\\Reports\\20191212_154311\\Login\\LoginChrome\\20191212_154311"/>
         <property name="logFiles" value="C:\\Users\\KayyalV\\git\\KatalonStudioPOC\\KatalonStudioPOC\\Reports\\20191212_154311\\Login\\LoginChrome\\20191212_154311\\execution0.log"/>
         <property name="attachments" value=""/>
         <property name="hostName" value="KayyalV - HYD003686.pii.pxl.int"/>
         <property name="os" value="Windows 10 64bit"/>
         <property name="katalonVersion" value="7.1.2.1"/>
         <property name="browser" value="Chrome 78.0.3904.108"/>
         <property name="hostAddress" value="10.128.80.210"/>
         <property name="sessionId" value="e7d23e39402a74dba444e086b27b7103"/>
         <property name="seleniumVersion" value="3.141.59"/>
         <property name="proxyInformation" value="ProxyInformation{proxyOption=NO_PROXY, proxyServerType=HTTP, password=, proxyServerAddress=, proxyServerPort=0, executionList=}"/>
         <property name="platform" value="Windows 10"/>
      </properties>
      <testcase name="Test Cases/MAPs/LogIn" time="36.022" classname="Test Cases/MAPs/LogIn" status="PASSED">
         <system-out><![CDATA[2019-12-12 15:43:14 - [TEST_CASE][PASSED] - Test Cases/MAPs/LogIn: Test Cases/MAPs/LogIn

2019-12-12 15:43:14 - [TEST_STEP][PASSED] - openBrowser(""): Browser is opened with url: ''

2019-12-12 15:43:15 - [MESSAGE][INFO] - Starting 'Chrome' driver

2019-12-12 15:43:15 - [MESSAGE][INFO] - Action delay is set to 0 seconds

2019-12-12 15:43:18 - [MESSAGE][PASSED] - Browser is opened with url: ''

2019-12-12 15:43:18 - [TEST_STEP][PASSED] - navigateToUrl("https://pxl-awe-dvt-mapweb-ui-teamo-ft.azurewebsites.net/"): Navigate to 'https://pxl-awe-dvt-mapweb-ui-teamo-ft.azurewebsites.net/' successfully

2019-12-12 15:43:29 - [MESSAGE][PASSED] - Navigate to 'https://pxl-awe-dvt-mapweb-ui-teamo-ft.azurewebsites.net/' successfully

2019-12-12 15:43:29 - [TEST_STEP][PASSED] - click(findTestObject("Object Repository/MAPsLogin/Page_GTS-PAA/span_")): Object: 'Object Repository/MAPsLogin/Page_GTS-PAA/span_' is clicked on

2019-12-12 15:43:31 - [MESSAGE][PASSED] - Object: 'Object Repository/MAPsLogin/Page_GTS-PAA/span_' is clicked on

2019-12-12 15:43:31 - [TEST_STEP][PASSED] - click(findTestObject("Object Repository/MAPsLogin/Page_GTS-PAA/button_Corporate Log In")): Object: 'Object Repository/MAPsLogin/Page_GTS-PAA/button_Corporate Log In' is clicked on

2019-12-12 15:43:34 - [MESSAGE][PASSED] - Object: 'Object Repository/MAPsLogin/Page_GTS-PAA/button_Corporate Log In' is clicked on

2019-12-12 15:43:34 - [TEST_STEP][PASSED] - setText(findTestObject("Object Repository/MAPsLogin/Page_Sign in to your account/input_Sign in_loginfmt"), "venkateshwara.kayyala@parexelcloud.com"): Text 'venkateshwara.kayyala@parexelcloud.com' is set on object 'Object Repository/MAPsLogin/Page_Sign in to your account/input_Sign in_loginfmt'

2019-12-12 15:43:34 - [MESSAGE][PASSED] - Text 'venkateshwara.kayyala@parexelcloud.com' is set on object 'Object Repository/MAPsLogin/Page_Sign in to your account/input_Sign in_loginfmt'

2019-12-12 15:43:34 - [TEST_STEP][PASSED] - click(findTestObject("Object Repository/MAPsLogin/Page_Sign in to your account/input_Sign in_idSIButton9")): Object: 'Object Repository/MAPsLogin/Page_Sign in to your account/input_Sign in_idSIButton9' is clicked on

2019-12-12 15:43:35 - [MESSAGE][PASSED] - Object: 'Object Repository/MAPsLogin/Page_Sign in to your account/input_Sign in_idSIButton9' is clicked on

2019-12-12 15:43:35 - [TEST_STEP][PASSED] - setEncryptedText(findTestObject("Object Repository/MAPsLogin/Page_Sign in to your account/input_Enter password_passwd"), "ZPnMgbgKMNP0xCFbybRQBQ=="): Text ****** has been set on object 'Object Repository/MAPsLogin/Page_Sign in to your account/input_Enter password_passwd'

2019-12-12 15:43:37 - [MESSAGE][PASSED] - Text ****** has been set on object 'Object Repository/MAPsLogin/Page_Sign in to your account/input_Enter password_passwd'

2019-12-12 15:43:37 - [TEST_STEP][PASSED] - click(findTestObject("Object Repository/MAPsLogin/Page_Sign in to your account/input_Sign in_idSIButton9")): Object: 'Object Repository/MAPsLogin/Page_Sign in to your account/input_Sign in_idSIButton9' is clicked on

2019-12-12 15:43:40 - [MESSAGE][PASSED] - Object: 'Object Repository/MAPsLogin/Page_Sign in to your account/input_Sign in_idSIButton9' is clicked on

2019-12-12 15:43:40 - [TEST_STEP][PASSED] - click(findTestObject("Object Repository/MAPsLogin/Page_Sign in to your account/input_Do this to reduce the number of times_edee07")): Object: 'Object Repository/MAPsLogin/Page_Sign in to your account/input_Do this to reduce the number of times_edee07' is clicked on

2019-12-12 15:43:41 - [MESSAGE][PASSED] - Object: 'Object Repository/MAPsLogin/Page_Sign in to your account/input_Do this to reduce the number of times_edee07' is clicked on

2019-12-12 15:43:41 - [TEST_STEP][PASSED] - click(findTestObject("Object Repository/MAPsLogin/Page_Sign in to your account/input_Sign in_idSIButton9")): Object: 'Object Repository/MAPsLogin/Page_Sign in to your account/input_Sign in_idSIButton9' is clicked on

2019-12-12 15:43:44 - [MESSAGE][PASSED] - Object: 'Object Repository/MAPsLogin/Page_Sign in to your account/input_Sign in_idSIButton9' is clicked on

2019-12-12 15:43:44 - [TEST_STEP][PASSED] - click(findTestObject("Object Repository/MAPsLogin/Page_GTS - PAA - Dashboard/button_Got it")): Object: 'Object Repository/MAPsLogin/Page_GTS - PAA - Dashboard/button_Got it' is clicked on

2019-12-12 15:43:48 - [MESSAGE][PASSED] - Object: 'Object Repository/MAPsLogin/Page_GTS - PAA - Dashboard/button_Got it' is clicked on

2019-12-12 15:43:48 - [TEST_STEP][PASSED] - closeBrowser(): Browser is closed

2019-12-12 15:43:50 - [MESSAGE][PASSED] - Browser is closed]]></system-out>
         <system-err><![CDATA[]]></system-err>
      </testcase>
      <system-out><![CDATA[2019-12-12 15:43:13 - [TEST_SUITE][PASSED] - LoginChrome: Test Cases/MAPs/LogIn]]></system-out>
      <system-err><![CDATA[]]></system-err>
   </testsuite>
</testsuites>
