<?xml version="1.0" encoding="UTF-8"?>
<testsuites name="Test Suite1" time="0.443" tests="0" failures="0" errors="0">
   <testsuite name="Test Suite1" tests="0" failures="0" errors="0" time="0.443" timestamp="2019-12-17 17:45:06" hostname="HYD003686$ - HYD003686.pii.pxl.int" id="Test Suites/Test Suite1">
      <properties>
         <property name="deviceName" value=""/>
         <property name="devicePlatform" value=""/>
         <property name="logFolder" value="C:\\Users\\KayyalV\\git\\KatalonStudioPOC\\KatalonStudioPOC\\Reports\\20191217_174458\\Test Suite1\\20191217_174459"/>
         <property name="logFiles" value="C:\\Users\\KayyalV\\git\\KatalonStudioPOC\\KatalonStudioPOC\\Reports\\20191217_174458\\Test Suite1\\20191217_174459\\execution0.log"/>
         <property name="attachments" value=""/>
         <property name="hostName" value="HYD003686$ - HYD003686.pii.pxl.int"/>
         <property name="hostAddress" value="172.28.105.30"/>
         <property name="os" value="Windows 10 64bit"/>
         <property name="katalonVersion" value="7.1.2.1"/>
      </properties>
      <system-out><![CDATA[2019-12-17 17:45:06 - [TEST_SUITE][PASSED] - Test Suite1: null]]></system-out>
      <system-err><![CDATA[]]></system-err>
   </testsuite>
</testsuites>
